<?xml version="1.0" encoding="UTF-8"?>
<testng-results ignored="0" total="1" passed="1" failed="0" skipped="0">
  <reporter-output>
  </reporter-output>
  <suite started-at="2021-12-09T08:47:30Z" name="Default suite" finished-at="2021-12-09T08:49:14Z" duration-ms="104248">
    <groups>
    </groups>
    <test started-at="2021-12-09T08:47:30Z" name="Default test" finished-at="2021-12-09T08:49:14Z" duration-ms="104248">
      <class name="com.BaseTest.LoginTest">
        <test-method is-config="true" signature="setUp()[pri:0, instance:com.BaseTest.LoginTest@3fcdcf]" started-at="2021-12-09T08:47:30Z" name="setUp" finished-at="2021-12-09T08:47:31Z" duration-ms="1489" status="PASS">
          <reporter-output>
          </reporter-output>
        </test-method> <!-- setUp -->
        <test-method signature="VerifyLogin()[pri:0, instance:com.BaseTest.LoginTest@3fcdcf]" started-at="2021-12-09T08:47:31Z" name="VerifyLogin" finished-at="2021-12-09T08:49:14Z" duration-ms="102732" status="PASS">
          <reporter-output>
          </reporter-output>
        </test-method> <!-- VerifyLogin -->
      </class> <!-- com.BaseTest.LoginTest -->
    </test> <!-- Default test -->
  </suite> <!-- Default suite -->
</testng-results>
